06-Apr-2018 16:41:55.401 INFOS [main] org.apache.catalina.core.ApplicationContext.log ContextListener: contextInitialized()
06-Apr-2018 16:41:55.408 INFOS [main] org.apache.catalina.core.ApplicationContext.log SessionListener: contextInitialized()
06-Apr-2018 16:41:55.409 INFOS [main] org.apache.catalina.core.ApplicationContext.log ContextListener: attributeAdded('StockTicker', 'async.Stockticker@7a4ea134')
06-Apr-2018 16:42:23.622 INFOS [main] org.apache.catalina.core.ApplicationContext.log ContextListener: contextInitialized()
06-Apr-2018 16:42:23.624 INFOS [main] org.apache.catalina.core.ApplicationContext.log SessionListener: contextInitialized()
06-Apr-2018 16:42:23.626 INFOS [main] org.apache.catalina.core.ApplicationContext.log ContextListener: attributeAdded('StockTicker', 'async.Stockticker@48bafe39')
06-Apr-2018 16:42:23.682 INFOS [main] org.apache.catalina.core.ApplicationContext.log SessionListener: contextDestroyed()
06-Apr-2018 16:42:23.682 INFOS [main] org.apache.catalina.core.ApplicationContext.log ContextListener: contextDestroyed()
06-Apr-2018 16:44:21.860 INFOS [main] org.apache.catalina.core.ApplicationContext.log ContextListener: contextInitialized()
06-Apr-2018 16:44:21.865 INFOS [main] org.apache.catalina.core.ApplicationContext.log SessionListener: contextInitialized()
06-Apr-2018 16:44:21.869 INFOS [main] org.apache.catalina.core.ApplicationContext.log ContextListener: attributeAdded('StockTicker', 'async.Stockticker@48bafe39')
06-Apr-2018 16:44:21.920 INFOS [main] org.apache.catalina.core.ApplicationContext.log SessionListener: contextDestroyed()
06-Apr-2018 16:44:21.929 INFOS [main] org.apache.catalina.core.ApplicationContext.log ContextListener: contextDestroyed()
06-Apr-2018 16:48:02.297 INFOS [main] org.apache.catalina.core.ApplicationContext.log ContextListener: contextInitialized()
06-Apr-2018 16:48:02.297 INFOS [main] org.apache.catalina.core.ApplicationContext.log SessionListener: contextInitialized()
06-Apr-2018 16:48:02.298 INFOS [main] org.apache.catalina.core.ApplicationContext.log ContextListener: attributeAdded('StockTicker', 'async.Stockticker@48bafe39')
06-Apr-2018 16:48:02.351 INFOS [main] org.apache.catalina.core.ApplicationContext.log SessionListener: contextDestroyed()
06-Apr-2018 16:48:02.352 INFOS [main] org.apache.catalina.core.ApplicationContext.log ContextListener: contextDestroyed()
06-Apr-2018 16:51:51.566 INFOS [main] org.apache.catalina.core.ApplicationContext.log ContextListener: contextInitialized()
06-Apr-2018 16:51:51.569 INFOS [main] org.apache.catalina.core.ApplicationContext.log SessionListener: contextInitialized()
06-Apr-2018 16:51:51.570 INFOS [main] org.apache.catalina.core.ApplicationContext.log ContextListener: attributeAdded('StockTicker', 'async.Stockticker@48bafe39')
06-Apr-2018 16:51:51.623 INFOS [main] org.apache.catalina.core.ApplicationContext.log SessionListener: contextDestroyed()
06-Apr-2018 16:51:51.628 INFOS [main] org.apache.catalina.core.ApplicationContext.log ContextListener: contextDestroyed()
06-Apr-2018 16:55:54.086 INFOS [main] org.apache.catalina.core.ApplicationContext.log ContextListener: contextInitialized()
06-Apr-2018 16:55:54.086 INFOS [main] org.apache.catalina.core.ApplicationContext.log SessionListener: contextInitialized()
06-Apr-2018 16:55:54.087 INFOS [main] org.apache.catalina.core.ApplicationContext.log ContextListener: attributeAdded('StockTicker', 'async.Stockticker@48bafe39')
06-Apr-2018 16:55:54.146 INFOS [main] org.apache.catalina.core.ApplicationContext.log SessionListener: contextDestroyed()
06-Apr-2018 16:55:54.146 INFOS [main] org.apache.catalina.core.ApplicationContext.log ContextListener: contextDestroyed()
06-Apr-2018 17:03:40.953 INFOS [main] org.apache.catalina.core.ApplicationContext.log ContextListener: contextInitialized()
06-Apr-2018 17:03:40.957 INFOS [main] org.apache.catalina.core.ApplicationContext.log SessionListener: contextInitialized()
06-Apr-2018 17:03:40.958 INFOS [main] org.apache.catalina.core.ApplicationContext.log ContextListener: attributeAdded('StockTicker', 'async.Stockticker@48bafe39')
06-Apr-2018 17:03:41.016 INFOS [main] org.apache.catalina.core.ApplicationContext.log SessionListener: contextDestroyed()
06-Apr-2018 17:03:41.021 INFOS [main] org.apache.catalina.core.ApplicationContext.log ContextListener: contextDestroyed()
